<?xml version="1.0" encoding="UTF-8"?>
<testng-results skipped="0" failed="0" ignored="0" total="1" passed="1">
  <reporter-output>
  </reporter-output>
  <suite name="Default suite" duration-ms="17395" started-at="2019-09-19T11:56:55 IST" finished-at="2019-09-19T11:57:12 IST">
    <groups>
    </groups>
    <test name="Default test" duration-ms="17395" started-at="2019-09-19T11:56:55 IST" finished-at="2019-09-19T11:57:12 IST">
      <class name="SignInTest">
        <test-method status="PASS" signature="shouldThrowAnErrorIfSignInDetailsAreMissing()[pri:0, instance:SignInTest@35d176f7]" name="shouldThrowAnErrorIfSignInDetailsAreMissing" duration-ms="17345" started-at="2019-09-19T11:56:55 IST" finished-at="2019-09-19T11:57:12 IST">
          <reporter-output>
          </reporter-output>
        </test-method> <!-- shouldThrowAnErrorIfSignInDetailsAreMissing -->
      </class> <!-- SignInTest -->
    </test> <!-- Default test -->
  </suite> <!-- Default suite -->
</testng-results>
